c:\users\carl\onedrive - university of south wales\uwp\dx11_cs3s664_karting - vs2019v4\debug\vc142.pdb
c:\users\carl\onedrive - university of south wales\uwp\dx11_cs3s664_karting - vs2019v4\debug\vc142.idb
c:\users\carl\onedrive - university of south wales\uwp\dx11_cs3s664_karting - vs2019v4\debug\netmgr.obj
c:\users\carl\onedrive - university of south wales\uwp\dx11_cs3s664_karting - vs2019v4\debug\model.obj
c:\users\carl\onedrive - university of south wales\uwp\dx11_cs3s664_karting - vs2019v4\debug\mesh.obj
c:\users\carl\onedrive - university of south wales\uwp\dx11_cs3s664_karting - vs2019v4\debug\menu.obj
c:\users\carl\onedrive - university of south wales\uwp\dx11_cs3s664_karting - vs2019v4\debug\material.obj
c:\users\carl\onedrive - university of south wales\uwp\dx11_cs3s664_karting - vs2019v4\debug\kart.obj
c:\users\carl\onedrive - university of south wales\uwp\dx11_cs3s664_karting - vs2019v4\debug\gumemory.obj
c:\users\carl\onedrive - university of south wales\uwp\dx11_cs3s664_karting - vs2019v4\debug\grid.obj
c:\users\carl\onedrive - university of south wales\uwp\dx11_cs3s664_karting - vs2019v4\debug\flare.obj
c:\users\carl\onedrive - university of south wales\uwp\dx11_cs3s664_karting - vs2019v4\debug\firstpersoncamera.obj
c:\users\carl\onedrive - university of south wales\uwp\dx11_cs3s664_karting - vs2019v4\debug\effect.obj
c:\users\carl\onedrive - university of south wales\uwp\dx11_cs3s664_karting - vs2019v4\debug\dynamiccube.obj
c:\users\carl\onedrive - university of south wales\uwp\dx11_cs3s664_karting - vs2019v4\debug\cgdconsole.obj
c:\users\carl\onedrive - university of south wales\uwp\dx11_cs3s664_karting - vs2019v4\debug\cgdclock.obj
c:\users\carl\onedrive - university of south wales\uwp\dx11_cs3s664_karting - vs2019v4\debug\camera.obj
c:\users\carl\onedrive - university of south wales\uwp\dx11_cs3s664_karting - vs2019v4\debug\box.obj
c:\users\carl\onedrive - university of south wales\uwp\dx11_cs3s664_karting - vs2019v4\debug\blurutility.obj
c:\users\carl\onedrive - university of south wales\uwp\dx11_cs3s664_karting - vs2019v4\debug\basemodel.obj
c:\users\carl\onedrive - university of south wales\uwp\dx11_cs3s664_karting - vs2019v4\debug\animation.obj
c:\users\carl\onedrive - university of south wales\uwp\dx11_cs3s664_karting - vs2019v4\debug\aikart.obj
c:\users\carl\onedrive - university of south wales\uwp\dx11_cs3s664_karting - vs2019v4\debug\imgui_impl_win32.obj
c:\users\carl\onedrive - university of south wales\uwp\dx11_cs3s664_karting - vs2019v4\debug\imgui_impl_dx11.obj
c:\users\carl\onedrive - university of south wales\uwp\dx11_cs3s664_karting - vs2019v4\debug\imgui_draw.obj
c:\users\carl\onedrive - university of south wales\uwp\dx11_cs3s664_karting - vs2019v4\debug\imgui_demo.obj
c:\users\carl\onedrive - university of south wales\uwp\dx11_cs3s664_karting - vs2019v4\debug\imgui.obj
c:\users\carl\onedrive - university of south wales\uwp\dx11_cs3s664_karting - vs2019v4\debug\utils.obj
c:\users\carl\onedrive - university of south wales\uwp\dx11_cs3s664_karting - vs2019v4\debug\triangle.obj
c:\users\carl\onedrive - university of south wales\uwp\dx11_cs3s664_karting - vs2019v4\debug\texture.obj
c:\users\carl\onedrive - university of south wales\uwp\dx11_cs3s664_karting - vs2019v4\debug\terrain.obj
c:\users\carl\onedrive - university of south wales\uwp\dx11_cs3s664_karting - vs2019v4\debug\system.obj
c:\users\carl\onedrive - university of south wales\uwp\dx11_cs3s664_karting - vs2019v4\debug\skinutility.obj
c:\users\carl\onedrive - university of south wales\uwp\dx11_cs3s664_karting - vs2019v4\debug\skinnedmodel.obj
c:\users\carl\onedrive - university of south wales\uwp\dx11_cs3s664_karting - vs2019v4\debug\shadowvolume.obj
c:\users\carl\onedrive - university of south wales\uwp\dx11_cs3s664_karting - vs2019v4\debug\shadowmap.obj
c:\users\carl\onedrive - university of south wales\uwp\dx11_cs3s664_karting - vs2019v4\debug\quad.obj
c:\users\carl\onedrive - university of south wales\uwp\dx11_cs3s664_karting - vs2019v4\debug\playerkart.obj
c:\users\carl\onedrive - university of south wales\uwp\dx11_cs3s664_karting - vs2019v4\debug\physxvehicleutils.obj
c:\users\carl\onedrive - university of south wales\uwp\dx11_cs3s664_karting - vs2019v4\debug\physxvehiclecontroller.obj
c:\users\carl\onedrive - university of south wales\uwp\dx11_cs3s664_karting - vs2019v4\debug\physxkarting.obj
c:\users\carl\onedrive - university of south wales\uwp\dx11_cs3s664_karting - vs2019v4\debug\particlesystem.obj
c:\users\carl\onedrive - university of south wales\uwp\dx11_cs3s664_karting - vs2019v4\debug\scene.obj
c:\users\carl\onedrive - university of south wales\uwp\dx11_cs3s664_karting - vs2019v4\debug\main.obj
c:\users\carl\onedrive - university of south wales\uwp\dx11_cs3s664_karting - vs2019v4\debug\tinyxml2.obj
c:\users\carl\onedrive - university of south wales\uwp\dx11_cs3s664_karting - vs2019v4\debug\imgui_widgets.obj
c:\users\carl\onedrive - university of south wales\uwp\dx11_cs3s664_karting - vs2019v4\debug\imgui_tables.obj
c:\users\carl\onedrive - university of south wales\uwp\dx11_cs3s664_karting - vs2019v4\debug\physxcooking_32.dll
c:\users\carl\onedrive - university of south wales\uwp\dx11_cs3s664_karting - vs2019v4\debug\physxcommon_32.dll
c:\users\carl\onedrive - university of south wales\uwp\dx11_cs3s664_karting - vs2019v4\debug\physxfoundation_32.dll
c:\users\carl\onedrive - university of south wales\uwp\dx11_cs3s664_karting - vs2019v4\debug\physx_32.dll
c:\users\carl\onedrive - university of south wales\uwp\dx11_cs3s664_karting - vs2019v4\shaders\cso\basic_colour_ps.cso
c:\users\carl\onedrive - university of south wales\uwp\dx11_cs3s664_karting - vs2019v4\shaders\cso\basic_colour_vs.cso
c:\users\carl\onedrive - university of south wales\uwp\dx11_cs3s664_karting - vs2019v4\shaders\cso\basic_lighting_vs.cso
c:\users\carl\onedrive - university of south wales\uwp\dx11_cs3s664_karting - vs2019v4\shaders\cso\basic_shadow_ps.cso
c:\users\carl\onedrive - university of south wales\uwp\dx11_cs3s664_karting - vs2019v4\shaders\cso\basic_shadow_vs.cso
c:\users\carl\onedrive - university of south wales\uwp\dx11_cs3s664_karting - vs2019v4\shaders\cso\basic_skin_ps.cso
c:\users\carl\onedrive - university of south wales\uwp\dx11_cs3s664_karting - vs2019v4\shaders\cso\basic_texture_ps.cso
c:\users\carl\onedrive - university of south wales\uwp\dx11_cs3s664_karting - vs2019v4\shaders\cso\basic_texture_vs.cso
c:\users\carl\onedrive - university of south wales\uwp\dx11_cs3s664_karting - vs2019v4\shaders\cso\convolve_u_ps.cso
c:\users\carl\onedrive - university of south wales\uwp\dx11_cs3s664_karting - vs2019v4\shaders\cso\convolve_v_ps.cso
c:\users\carl\onedrive - university of south wales\uwp\dx11_cs3s664_karting - vs2019v4\shaders\cso\copy_depth_ps.cso
c:\users\carl\onedrive - university of south wales\uwp\dx11_cs3s664_karting - vs2019v4\shaders\cso\copy_ps.cso
c:\users\carl\onedrive - university of south wales\uwp\dx11_cs3s664_karting - vs2019v4\shaders\cso\dirt_ps.cso
c:\users\carl\onedrive - university of south wales\uwp\dx11_cs3s664_karting - vs2019v4\shaders\cso\emissive_ps.cso
c:\users\carl\onedrive - university of south wales\uwp\dx11_cs3s664_karting - vs2019v4\shaders\cso\fire_ps.cso
c:\users\carl\onedrive - university of south wales\uwp\dx11_cs3s664_karting - vs2019v4\shaders\cso\fire_vs.cso
c:\users\carl\onedrive - university of south wales\uwp\dx11_cs3s664_karting - vs2019v4\shaders\cso\flare_ps.cso
c:\users\carl\onedrive - university of south wales\uwp\dx11_cs3s664_karting - vs2019v4\shaders\cso\flare_vs.cso
c:\users\carl\onedrive - university of south wales\uwp\dx11_cs3s664_karting - vs2019v4\shaders\cso\grass_ps.cso
c:\users\carl\onedrive - university of south wales\uwp\dx11_cs3s664_karting - vs2019v4\shaders\cso\grass_shadow_ps.cso
c:\users\carl\onedrive - university of south wales\uwp\dx11_cs3s664_karting - vs2019v4\shaders\cso\grass_vs.cso
c:\users\carl\onedrive - university of south wales\uwp\dx11_cs3s664_karting - vs2019v4\shaders\cso\ocean_ps.cso
c:\users\carl\onedrive - university of south wales\uwp\dx11_cs3s664_karting - vs2019v4\shaders\cso\ocean_vs.cso
c:\users\carl\onedrive - university of south wales\uwp\dx11_cs3s664_karting - vs2019v4\shaders\cso\per_pixel_lighting_ps.cso
c:\users\carl\onedrive - university of south wales\uwp\dx11_cs3s664_karting - vs2019v4\shaders\cso\per_pixel_lighting_vs.cso
c:\users\carl\onedrive - university of south wales\uwp\dx11_cs3s664_karting - vs2019v4\shaders\cso\planarshadow_ps.cso
c:\users\carl\onedrive - university of south wales\uwp\dx11_cs3s664_karting - vs2019v4\shaders\cso\pointlight_shadow_ps.cso
c:\users\carl\onedrive - university of south wales\uwp\dx11_cs3s664_karting - vs2019v4\shaders\cso\pointlight_shadow_vs.cso
c:\users\carl\onedrive - university of south wales\uwp\dx11_cs3s664_karting - vs2019v4\shaders\cso\reflection_map_ps.cso
c:\users\carl\onedrive - university of south wales\uwp\dx11_cs3s664_karting - vs2019v4\shaders\cso\reflection_map_vs.cso
c:\users\carl\onedrive - university of south wales\uwp\dx11_cs3s664_karting - vs2019v4\shaders\cso\screen_quad_vs.cso
c:\users\carl\onedrive - university of south wales\uwp\dx11_cs3s664_karting - vs2019v4\shaders\cso\shadow_map_vs.cso
c:\users\carl\onedrive - university of south wales\uwp\dx11_cs3s664_karting - vs2019v4\shaders\cso\skinning_vs.cso
c:\users\carl\onedrive - university of south wales\uwp\dx11_cs3s664_karting - vs2019v4\shaders\cso\skin_ps.cso
c:\users\carl\onedrive - university of south wales\uwp\dx11_cs3s664_karting - vs2019v4\shaders\cso\skin_rad_ps.cso
c:\users\carl\onedrive - university of south wales\uwp\dx11_cs3s664_karting - vs2019v4\shaders\cso\sky_box_ps.cso
c:\users\carl\onedrive - university of south wales\uwp\dx11_cs3s664_karting - vs2019v4\shaders\cso\sky_box_vs.cso
c:\users\carl\onedrive - university of south wales\uwp\dx11_cs3s664_karting - vs2019v4\shaders\cso\texture_space_vs.cso
c:\users\carl\onedrive - university of south wales\uwp\dx11_cs3s664_karting - vs2019v4\shaders\cso\tree_ps.cso
c:\users\carl\onedrive - university of south wales\uwp\dx11_cs3s664_karting - vs2019v4\shaders\cso\tree_vs.cso
c:\users\carl\onedrive - university of south wales\uwp\dx11_cs3s664_karting - vs2019v4\debug\dx11proj.exe
c:\users\carl\onedrive - university of south wales\uwp\dx11_cs3s664_karting - vs2019v4\debug\dx11proj.pdb
c:\users\carl\onedrive - university of south wales\uwp\dx11_cs3s664_karting - vs2019v4\debug\dx11proj.res
c:\users\carl\onedrive - university of south wales\uwp\dx11_cs3s664_karting - vs2019v4\debug\aikart.nativecodeanalysis.xml
c:\users\carl\onedrive - university of south wales\uwp\dx11_cs3s664_karting - vs2019v4\debug\animation.nativecodeanalysis.xml
c:\users\carl\onedrive - university of south wales\uwp\dx11_cs3s664_karting - vs2019v4\debug\basemodel.nativecodeanalysis.xml
c:\users\carl\onedrive - university of south wales\uwp\dx11_cs3s664_karting - vs2019v4\debug\blurutility.nativecodeanalysis.xml
c:\users\carl\onedrive - university of south wales\uwp\dx11_cs3s664_karting - vs2019v4\debug\box.nativecodeanalysis.xml
c:\users\carl\onedrive - university of south wales\uwp\dx11_cs3s664_karting - vs2019v4\debug\camera.nativecodeanalysis.xml
c:\users\carl\onedrive - university of south wales\uwp\dx11_cs3s664_karting - vs2019v4\debug\cgdclock.nativecodeanalysis.xml
c:\users\carl\onedrive - university of south wales\uwp\dx11_cs3s664_karting - vs2019v4\debug\cgdconsole.nativecodeanalysis.xml
c:\users\carl\onedrive - university of south wales\uwp\dx11_cs3s664_karting - vs2019v4\debug\dynamiccube.nativecodeanalysis.xml
c:\users\carl\onedrive - university of south wales\uwp\dx11_cs3s664_karting - vs2019v4\debug\effect.nativecodeanalysis.xml
c:\users\carl\onedrive - university of south wales\uwp\dx11_cs3s664_karting - vs2019v4\debug\firstpersoncamera.nativecodeanalysis.xml
c:\users\carl\onedrive - university of south wales\uwp\dx11_cs3s664_karting - vs2019v4\debug\flare.nativecodeanalysis.xml
c:\users\carl\onedrive - university of south wales\uwp\dx11_cs3s664_karting - vs2019v4\debug\grid.nativecodeanalysis.xml
c:\users\carl\onedrive - university of south wales\uwp\dx11_cs3s664_karting - vs2019v4\debug\gumemory.nativecodeanalysis.xml
c:\users\carl\onedrive - university of south wales\uwp\dx11_cs3s664_karting - vs2019v4\debug\imgui.nativecodeanalysis.xml
c:\users\carl\onedrive - university of south wales\uwp\dx11_cs3s664_karting - vs2019v4\debug\imgui_demo.nativecodeanalysis.xml
c:\users\carl\onedrive - university of south wales\uwp\dx11_cs3s664_karting - vs2019v4\debug\imgui_draw.nativecodeanalysis.xml
c:\users\carl\onedrive - university of south wales\uwp\dx11_cs3s664_karting - vs2019v4\debug\imgui_impl_dx11.nativecodeanalysis.xml
c:\users\carl\onedrive - university of south wales\uwp\dx11_cs3s664_karting - vs2019v4\debug\imgui_impl_win32.nativecodeanalysis.xml
c:\users\carl\onedrive - university of south wales\uwp\dx11_cs3s664_karting - vs2019v4\debug\imgui_tables.nativecodeanalysis.xml
c:\users\carl\onedrive - university of south wales\uwp\dx11_cs3s664_karting - vs2019v4\debug\imgui_widgets.nativecodeanalysis.xml
c:\users\carl\onedrive - university of south wales\uwp\dx11_cs3s664_karting - vs2019v4\debug\kart.nativecodeanalysis.xml
c:\users\carl\onedrive - university of south wales\uwp\dx11_cs3s664_karting - vs2019v4\debug\main.nativecodeanalysis.xml
c:\users\carl\onedrive - university of south wales\uwp\dx11_cs3s664_karting - vs2019v4\debug\material.nativecodeanalysis.xml
c:\users\carl\onedrive - university of south wales\uwp\dx11_cs3s664_karting - vs2019v4\debug\menu.nativecodeanalysis.xml
c:\users\carl\onedrive - university of south wales\uwp\dx11_cs3s664_karting - vs2019v4\debug\mesh.nativecodeanalysis.xml
c:\users\carl\onedrive - university of south wales\uwp\dx11_cs3s664_karting - vs2019v4\debug\model.nativecodeanalysis.xml
c:\users\carl\onedrive - university of south wales\uwp\dx11_cs3s664_karting - vs2019v4\debug\netmgr.nativecodeanalysis.xml
c:\users\carl\onedrive - university of south wales\uwp\dx11_cs3s664_karting - vs2019v4\debug\particlesystem.nativecodeanalysis.xml
c:\users\carl\onedrive - university of south wales\uwp\dx11_cs3s664_karting - vs2019v4\debug\physxkarting.nativecodeanalysis.xml
c:\users\carl\onedrive - university of south wales\uwp\dx11_cs3s664_karting - vs2019v4\debug\physxvehiclecontroller.nativecodeanalysis.xml
c:\users\carl\onedrive - university of south wales\uwp\dx11_cs3s664_karting - vs2019v4\debug\physxvehicleutils.nativecodeanalysis.xml
c:\users\carl\onedrive - university of south wales\uwp\dx11_cs3s664_karting - vs2019v4\debug\playerkart.nativecodeanalysis.xml
c:\users\carl\onedrive - university of south wales\uwp\dx11_cs3s664_karting - vs2019v4\debug\quad.nativecodeanalysis.xml
c:\users\carl\onedrive - university of south wales\uwp\dx11_cs3s664_karting - vs2019v4\debug\scene.nativecodeanalysis.xml
c:\users\carl\onedrive - university of south wales\uwp\dx11_cs3s664_karting - vs2019v4\debug\shadowmap.nativecodeanalysis.xml
c:\users\carl\onedrive - university of south wales\uwp\dx11_cs3s664_karting - vs2019v4\debug\shadowvolume.nativecodeanalysis.xml
c:\users\carl\onedrive - university of south wales\uwp\dx11_cs3s664_karting - vs2019v4\debug\skinnedmodel.nativecodeanalysis.xml
c:\users\carl\onedrive - university of south wales\uwp\dx11_cs3s664_karting - vs2019v4\debug\skinutility.nativecodeanalysis.xml
c:\users\carl\onedrive - university of south wales\uwp\dx11_cs3s664_karting - vs2019v4\debug\system.nativecodeanalysis.xml
c:\users\carl\onedrive - university of south wales\uwp\dx11_cs3s664_karting - vs2019v4\debug\terrain.nativecodeanalysis.xml
c:\users\carl\onedrive - university of south wales\uwp\dx11_cs3s664_karting - vs2019v4\debug\texture.nativecodeanalysis.xml
c:\users\carl\onedrive - university of south wales\uwp\dx11_cs3s664_karting - vs2019v4\debug\tinyxml2.nativecodeanalysis.xml
c:\users\carl\onedrive - university of south wales\uwp\dx11_cs3s664_karting - vs2019v4\debug\triangle.nativecodeanalysis.xml
c:\users\carl\onedrive - university of south wales\uwp\dx11_cs3s664_karting - vs2019v4\debug\utils.nativecodeanalysis.xml
c:\users\carl\onedrive - university of south wales\uwp\dx11_cs3s664_karting - vs2019v4\debug\vc.nativecodeanalysis.all.xml
c:\users\carl\onedrive - university of south wales\uwp\dx11_cs3s664_karting - vs2019v4\debug\dx11proj.tlog\cl.command.1.tlog
c:\users\carl\onedrive - university of south wales\uwp\dx11_cs3s664_karting - vs2019v4\debug\dx11proj.tlog\cl.read.1.tlog
c:\users\carl\onedrive - university of south wales\uwp\dx11_cs3s664_karting - vs2019v4\debug\dx11proj.tlog\cl.write.1.tlog
c:\users\carl\onedrive - university of south wales\uwp\dx11_cs3s664_karting - vs2019v4\debug\dx11proj.tlog\dx11proj.write.1u.tlog
c:\users\carl\onedrive - university of south wales\uwp\dx11_cs3s664_karting - vs2019v4\debug\dx11proj.tlog\fxc.command.1.tlog
c:\users\carl\onedrive - university of south wales\uwp\dx11_cs3s664_karting - vs2019v4\debug\dx11proj.tlog\fxc.read.1.tlog
c:\users\carl\onedrive - university of south wales\uwp\dx11_cs3s664_karting - vs2019v4\debug\dx11proj.tlog\fxc.write.1.tlog
c:\users\carl\onedrive - university of south wales\uwp\dx11_cs3s664_karting - vs2019v4\debug\dx11proj.tlog\link.command.1.tlog
c:\users\carl\onedrive - university of south wales\uwp\dx11_cs3s664_karting - vs2019v4\debug\dx11proj.tlog\link.read.1.tlog
c:\users\carl\onedrive - university of south wales\uwp\dx11_cs3s664_karting - vs2019v4\debug\dx11proj.tlog\link.write.1.tlog
c:\users\carl\onedrive - university of south wales\uwp\dx11_cs3s664_karting - vs2019v4\debug\dx11proj.tlog\rc.command.1.tlog
c:\users\carl\onedrive - university of south wales\uwp\dx11_cs3s664_karting - vs2019v4\debug\dx11proj.tlog\rc.read.1.tlog
c:\users\carl\onedrive - university of south wales\uwp\dx11_cs3s664_karting - vs2019v4\debug\dx11proj.tlog\rc.write.1.tlog
